time=2025-01-18T06:03:39.865Z level=INFO source=/app/main.go:76 msg="Server (Server ID: server-221) running on port 8081"
time=2025-01-18T06:03:39.865Z level=INFO source=/app/main.go:76 msg="Server (Server ID: server-208) running on port 8081"
time=2025-01-18T06:03:39.866Z level=INFO source=/app/main.go:76 msg="Server (Server ID: server-210) running on port 8081"
time=2025-01-18T06:04:03.726Z level=INFO source=/app/main.go:58 msg="[Server ID: server-208] GET / - 200" duration=157.848µs
time=2025-01-18T06:04:05.942Z level=INFO source=/app/main.go:58 msg="[Server ID: server-221] GET / - 200" duration=146.602µs
time=2025-01-18T06:04:06.903Z level=INFO source=/app/main.go:58 msg="[Server ID: server-221] GET / - 200" duration=97.803µs
time=2025-01-18T06:04:08.774Z level=INFO source=/app/main.go:58 msg="[Server ID: server-210] GET / - 200" duration=611.231µs
time=2025-01-18T06:04:09.701Z level=INFO source=/app/main.go:58 msg="[Server ID: server-210] GET / - 200" duration=76.054µs
time=2025-01-18T06:04:13.040Z level=INFO source=/app/main.go:58 msg="[Server ID: server-208] GET / - 200" duration=53.484µs
time=2025-01-18T06:04:13.565Z level=INFO source=/app/main.go:58 msg="[Server ID: server-208] GET / - 200" duration=67.794µs
time=2025-01-18T06:04:15.500Z level=INFO source=/app/main.go:58 msg="[Server ID: server-221] GET / - 200" duration=82.648µs
time=2025-01-18T06:04:16.786Z level=INFO source=/app/main.go:58 msg="[Server ID: server-221] GET / - 200" duration=60.241µs
time=2025-01-18T06:04:17.611Z level=INFO source=/app/main.go:58 msg="[Server ID: server-221] GET / - 200" duration=82.339µs
time=2025-01-18T06:04:19.896Z level=INFO source=/app/main.go:58 msg="[Server ID: server-208] GET / - 200" duration=101.738µs
time=2025-01-18T06:04:20.632Z level=INFO source=/app/main.go:58 msg="[Server ID: server-208] GET / - 200" duration=94.009µs
time=2025-01-18T06:04:24.715Z level=INFO source=/app/main.go:58 msg="[Server ID: server-221] GET / - 200" duration=68.616µs
time=2025-01-18T06:04:25.460Z level=INFO source=/app/main.go:58 msg="[Server ID: server-221] GET / - 200" duration=609.647µs
time=2025-01-18T06:04:32.413Z level=INFO source=/app/main.go:58 msg="[Server ID: server-210] GET / - 200" duration=83.345µs
time=2025-01-18T06:06:35.721Z level=INFO source=/app/main.go:58 msg="[Server ID: server-208] GET / - 200" duration=179.523µs
time=2025-01-18T06:06:36.648Z level=INFO source=/app/main.go:58 msg="[Server ID: server-208] GET / - 200" duration=119.129µs
time=2025-01-18T06:06:41.271Z level=INFO source=/app/main.go:58 msg="[Server ID: server-210] GET / - 200" duration=1.189059ms
time=2025-01-18T06:06:41.982Z level=INFO source=/app/main.go:58 msg="[Server ID: server-210] GET / - 200" duration=89.606µs
time=2025-01-18T06:06:42.920Z level=INFO source=/app/main.go:58 msg="[Server ID: server-210] GET / - 200" duration=107.814µs
time=2025-01-18T06:06:44.476Z level=INFO source=/app/main.go:58 msg="[Server ID: server-221] GET / - 200" duration=153.443µs
time=2025-01-18T06:54:58.645Z level=INFO source=/app/main.go:76 msg="Server (Server ID: server-209) running on port 8081"
time=2025-01-18T06:54:58.647Z level=INFO source=/app/main.go:76 msg="Server (Server ID: server-217) running on port 8081"
time=2025-01-18T06:54:58.647Z level=INFO source=/app/main.go:76 msg="Server (Server ID: server-221) running on port 8081"
time=2025-01-18T06:55:22.899Z level=INFO source=/app/main.go:58 msg="[Server ID: server-209] GET / - 200" duration=763.032µs
time=2025-01-18T06:55:26.123Z level=INFO source=/app/main.go:58 msg="[Server ID: server-221] GET / - 200" duration=224.026µs
time=2025-01-18T06:55:27.585Z level=INFO source=/app/main.go:58 msg="[Server ID: server-209] GET / - 200" duration=99.209µs
time=2025-01-18T06:55:48.198Z level=INFO source=/app/main.go:58 msg="[Server ID: server-217] GET / - 200" duration=389.566µs
time=2025-01-18T06:55:49.244Z level=INFO source=/app/main.go:58 msg="[Server ID: server-217] GET / - 200" duration=197.265µs
time=2025-01-18T06:55:50.408Z level=INFO source=/app/main.go:58 msg="[Server ID: server-209] GET / - 200" duration=265.652µs
time=2025-01-18T06:55:51.135Z level=INFO source=/app/main.go:58 msg="[Server ID: server-209] GET / - 200" duration=239.932µs
time=2025-01-18T06:56:21.848Z level=INFO source=/app/main.go:76 msg="Server (Server ID: server-223) running on port 8081"
time=2025-01-18T06:56:21.848Z level=INFO source=/app/main.go:76 msg="Server (Server ID: server-209) running on port 8081"
time=2025-01-18T06:56:21.849Z level=INFO source=/app/main.go:76 msg="Server (Server ID: server-209) running on port 8081"
time=2025-01-18T06:56:29.481Z level=INFO source=/app/main.go:58 msg="[Server ID: server-223] GET / - 200" duration=861.729µs
time=2025-01-18T06:56:30.700Z level=INFO source=/app/main.go:58 msg="[Server ID: server-223] GET / - 200" duration=74.24µs
time=2025-01-18T14:19:09.228+07:00 level=INFO source=/home/atha/kuliah/web-server/main.go:78 msg="Server (Server ID: server-64329) running on port 8081"
time=2025-01-18T07:19:18.360Z level=INFO source=/app/main.go:58 msg="[Server ID: server-223] GET / - 200" duration=852.549µs
time=2025-01-18T07:19:19.499Z level=INFO source=/app/main.go:58 msg="[Server ID: server-209] GET / - 200" duration=3.725415ms
time=2025-01-18T07:19:20.180Z level=INFO source=/app/main.go:58 msg="[Server ID: server-209] GET / - 200" duration=97.365µs
time=2025-01-18T07:19:21.241Z level=INFO source=/app/main.go:58 msg="[Server ID: server-223] GET / - 200" duration=131.339µs
time=2025-01-18T07:19:21.955Z level=INFO source=/app/main.go:58 msg="[Server ID: server-223] GET / - 200" duration=139.712µs
time=2025-01-18T07:19:22.586Z level=INFO source=/app/main.go:58 msg="[Server ID: server-223] GET / - 200" duration=73.393µs
time=2025-01-18T07:19:23.041Z level=INFO source=/app/main.go:58 msg="[Server ID: server-223] GET / - 200" duration=123.767µs
time=2025-01-18T07:19:23.585Z level=INFO source=/app/main.go:58 msg="[Server ID: server-223] GET / - 200" duration=144.678µs
time=2025-01-18T07:19:24.180Z level=INFO source=/app/main.go:58 msg="[Server ID: server-223] GET / - 200" duration=97.486µs
time=2025-01-18T07:19:45.000Z level=INFO source=/app/main.go:58 msg="[Server ID: server-209] GET / - 200" duration=145.801µs
time=2025-01-18T14:19:45.357+07:00 level=INFO source=/home/atha/kuliah/web-server/main.go:58 msg="[Server ID: server-64329] GET /public/tugassisop.jpg - 200" duration=3.656118ms
time=2025-01-18T07:19:46.268Z level=INFO source=/app/main.go:58 msg="[Server ID: server-223] GET / - 200" duration=138.519µs
time=2025-01-18T07:19:47.057Z level=INFO source=/app/main.go:58 msg="[Server ID: server-223] GET / - 200" duration=177.991µs
time=2025-01-18T07:19:47.974Z level=INFO source=/app/main.go:58 msg="[Server ID: server-223] GET / - 200" duration=203.2µs
time=2025-01-18T07:19:48.903Z level=INFO source=/app/main.go:58 msg="[Server ID: server-223] GET / - 200" duration=137.124µs
time=2025-01-18T07:19:49.559Z level=INFO source=/app/main.go:58 msg="[Server ID: server-223] GET / - 200" duration=94.322µs
time=2025-01-18T07:19:50.273Z level=INFO source=/app/main.go:58 msg="[Server ID: server-223] GET / - 200" duration=167.71µs
time=2025-01-18T07:19:59.810Z level=INFO source=/app/main.go:58 msg="[Server ID: server-209] GET / - 200" duration=6.742019ms
time=2025-01-18T07:20:00.866Z level=INFO source=/app/main.go:58 msg="[Server ID: server-209] GET / - 200" duration=154.764µs
time=2025-01-18T07:20:01.560Z level=INFO source=/app/main.go:58 msg="[Server ID: server-209] GET / - 200" duration=147.524µs
time=2025-01-18T07:20:02.195Z level=INFO source=/app/main.go:58 msg="[Server ID: server-209] GET / - 200" duration=86.858µs
time=2025-01-18T07:20:02.531Z level=INFO source=/app/main.go:58 msg="[Server ID: server-209] GET / - 200" duration=128.492µs
time=2025-01-18T07:20:34.530Z level=INFO source=/app/main.go:76 msg="Server (Server ID: server-198) running on port 8081"
time=2025-01-18T07:20:34.531Z level=INFO source=/app/main.go:76 msg="Server (Server ID: server-200) running on port 8081"
time=2025-01-18T07:20:34.530Z level=INFO source=/app/main.go:76 msg="Server (Server ID: server-183) running on port 8081"
time=2025-01-18T07:20:54.980Z level=INFO source=/app/main.go:78 msg="Server (Server ID: server-217) running on port 8081"
time=2025-01-18T07:20:55.121Z level=INFO source=/app/main.go:78 msg="Server (Server ID: server-209) running on port 8081"
time=2025-01-18T07:20:55.217Z level=INFO source=/app/main.go:78 msg="Server (Server ID: server-200) running on port 8081"
time=2025-01-18T07:21:02.327Z level=INFO source=/app/main.go:58 msg="[Server ID: server-209] GET / - 200" duration=178.218µs
time=2025-01-18T07:21:03.967Z level=INFO source=/app/main.go:58 msg="[Server ID: server-209] GET / - 200" duration=98.997µs
time=2025-01-18T07:22:09.449Z level=INFO source=/app/main.go:78 msg="Server (Server ID: server-223) running on port 8081"
time=2025-01-18T07:22:09.663Z level=INFO source=/app/main.go:78 msg="Server (Server ID: server-213) running on port 8081"
time=2025-01-18T07:22:09.715Z level=INFO source=/app/main.go:78 msg="Server (Server ID: server-199) running on port 8081"
time=2025-01-18T07:22:12.366Z level=INFO source=/app/main.go:58 msg="[Server ID: server-213] GET / - 200" duration=140.635µs
time=2025-01-18T07:22:12.415Z level=INFO source=/app/main.go:58 msg="[Server ID: server-213] GET /public/tugassisop.jpg - 200" duration=10.150537ms
